#
# A fatal error has been detected by the Java Runtime Environment:
#
#  EXCEPTION_ACCESS_VIOLATION (0xc0000005) at pc=0x54f3dec1, pid=11184, tid=0x00003cfc
#
# JRE version: Java(TM) SE Runtime Environment (8.0_291-b10) (build 1.8.0_291-b10)
# Java VM: Java HotSpot(TM) Client VM (25.291-b10 mixed mode, sharing windows-x86 )
# Problematic frame:
# V  [jvm.dll+0xddec1]
#
# Failed to write core dump. Minidumps are not enabled by default on client versions of Windows
#
# If you would like to submit a bug report, please visit:
#   http://bugreport.java.com/bugreport/crash.jsp
#

---------------  T H R E A D  ---------------

Current thread (0x16e67c00):  JavaThread "Thread-8" [_thread_in_vm, id=15612, stack(0x17210000,0x17260000)]

siginfo: ExceptionCode=0xc0000005, reading address 0x00000000

Registers:
EAX=0x00000000, EBX=0x09946100, ECX=0x95c4b08a, EDX=0x551c6800
ESP=0x1725f0d0, EBP=0x1725f0d8, ESI=0x16e67c00, EDI=0x16e67c00
EIP=0x54f3dec1, EFLAGS=0x00010246

Top of Stack: (sp=0x1725f0d0)
0x1725f0d0:   043ccb40 099461e0 1725f358 16661528
0x1725f0e0:   16e67c00 16ede290 00000000 00000000
0x1725f0f0:   00000000 1725f108 95c4b166 16661451
0x1725f100:   1725f120 1725f11c 1725f924 021fecc8
0x1725f110:   17279d44 00000000 95c4b166 1666141e
0x1725f120:   09916f80 1725f180 54febe95 00000001
0x1725f130:   1725f178 95c4b166 16e67c00 16e67c00
0x1725f140:   09946100 1725f134 1725f138 1725fa20 

Instructions: (pc=0x54f3dec1)
0x54f3dea1:   ff 83 c4 08 b3 01 83 7d 0c 00 74 59 8b 45 10 32
0x54f3deb1:   db a8 01 74 0b 50 e8 94 85 08 00 83 c4 04 eb 02
0x54f3dec1:   8b 00 50 e8 87 69 f6 ff 8b f0 83 c4 04 85 f6 74
0x54f3ded1:   34 8b 45 0c a8 01 74 0b 50 e8 71 85 08 00 83 c4 


Register to memory mapping:

EAX=0x00000000 is an unknown value
EBX=0x09946100 is pointing into object: 0x099460e0
java.util.HashMap 
 - klass: 'java/util/HashMap'
ECX=0x95c4b08a is an unknown value
EDX=0x551c6800 is an unknown value
ESP=0x1725f0d0 is pointing into the stack for thread: 0x16e67c00
EBP=0x1725f0d8 is pointing into the stack for thread: 0x16e67c00
ESI=0x16e67c00 is a thread
EDI=0x16e67c00 is a thread


Stack: [0x17210000,0x17260000],  sp=0x1725f0d0,  free space=316k
Native frames: (J=compiled Java code, j=interpreted, Vv=VM code, C=native code)
V  [jvm.dll+0xddec1]
C  [jna4383019034917762494.tmp+0x1528]
C  [jna4383019034917762494.tmp+0x2881]
J 1135  com.sun.jna.Function.invokeInt(I[Ljava/lang/Object;)I (0 bytes) @ 0x0239b2ad [0x0239b210+0x9d]
J 4986 C1 com.sun.jna.Function.invoke([Ljava/lang/Object;Ljava/lang/Class;Z)Ljava/lang/Object; (1141 bytes) @ 0x02224c80 [0x022233e0+0x18a0]
J 381 C1 com.sun.jna.Function.invoke(Ljava/lang/Class;[Ljava/lang/Object;Ljava/util/Map;)Ljava/lang/Object; (572 bytes) @ 0x0229077c [0x022902f0+0x48c]
J 1129 C1 com.sun.jna.Library$Handler.invoke(Ljava/lang/Object;Ljava/lang/reflect/Method;[Ljava/lang/Object;)Ljava/lang/Object; (348 bytes) @ 0x0238f4d4 [0x0238ecc0+0x814]
J 6090 C1 com.sun.proxy.$Proxy0.SystemParametersInfoW(IILcom/group_finity/mascot/win/jna/RECT;I)I (63 bytes) @ 0x02298eac [0x02298b20+0x38c]
J 5447 C1 com.group_finity.mascot.win.WindowsEnvironment.getWorkAreaRect()Ljava/awt/Rectangle; (56 bytes) @ 0x022a6930 [0x022a68a0+0x90]
J 1710 C1 com.group_finity.mascot.win.WindowsEnvironment.tick()V (72 bytes) @ 0x02420360 [0x02420290+0xd0]
J 1385 C1 com.group_finity.mascot.Manager.tick()V (230 bytes) @ 0x023c8674 [0x023c8640+0x34]
J 1499% C1 com.group_finity.mascot.Manager$2.run()V (70 bytes) @ 0x023e3530 [0x023e3430+0x100]
v  ~StubRoutines::call_stub
V  [jvm.dll+0x1658b4]
V  [jvm.dll+0x23656b]
V  [jvm.dll+0x166067]
V  [jvm.dll+0x165fa6]
V  [jvm.dll+0x1012cb]
V  [jvm.dll+0x18a0d4]
V  [jvm.dll+0x1cf54b]
C  [ucrtbase.dll+0x438df]
C  [KERNEL32.DLL+0x16359]
C  [ntdll.dll+0x68964]
C  [ntdll.dll+0x68934]
C  0x00000000

Java frames: (J=compiled Java code, j=interpreted, Vv=VM code)
J 1135  com.sun.jna.Function.invokeInt(I[Ljava/lang/Object;)I (0 bytes) @ 0x0239b269 [0x0239b210+0x59]
J 4986 C1 com.sun.jna.Function.invoke([Ljava/lang/Object;Ljava/lang/Class;Z)Ljava/lang/Object; (1141 bytes) @ 0x02224c80 [0x022233e0+0x18a0]
J 381 C1 com.sun.jna.Function.invoke(Ljava/lang/Class;[Ljava/lang/Object;Ljava/util/Map;)Ljava/lang/Object; (572 bytes) @ 0x0229077c [0x022902f0+0x48c]
J 1129 C1 com.sun.jna.Library$Handler.invoke(Ljava/lang/Object;Ljava/lang/reflect/Method;[Ljava/lang/Object;)Ljava/lang/Object; (348 bytes) @ 0x0238f4d4 [0x0238ecc0+0x814]
J 6090 C1 com.sun.proxy.$Proxy0.SystemParametersInfoW(IILcom/group_finity/mascot/win/jna/RECT;I)I (63 bytes) @ 0x02298eac [0x02298b20+0x38c]
J 5447 C1 com.group_finity.mascot.win.WindowsEnvironment.getWorkAreaRect()Ljava/awt/Rectangle; (56 bytes) @ 0x022a6930 [0x022a68a0+0x90]
J 1710 C1 com.group_finity.mascot.win.WindowsEnvironment.tick()V (72 bytes) @ 0x02420360 [0x02420290+0xd0]
J 1385 C1 com.group_finity.mascot.Manager.tick()V (230 bytes) @ 0x023c8674 [0x023c8640+0x34]
J 1499% C1 com.group_finity.mascot.Manager$2.run()V (70 bytes) @ 0x023e3530 [0x023e3430+0x100]
v  ~StubRoutines::call_stub

---------------  P R O C E S S  ---------------

Java Threads: ( => current thread )
  0x16093c00 JavaThread "Thread-2" daemon [_thread_in_native, id=17056, stack(0x173c0000,0x17410000)]
  0x16131000 JavaThread "SIGTERM handler" daemon [_thread_blocked, id=12476, stack(0x00660000,0x006b0000)]
  0x0046c800 JavaThread "DestroyJavaVM" [_thread_blocked, id=18476, stack(0x00870000,0x008c0000)]
=>0x16e67c00 JavaThread "Thread-8" [_thread_in_vm, id=15612, stack(0x17210000,0x17260000)]
  0x171c3c00 JavaThread "AWT-EventQueue-0" [_thread_blocked, id=2232, stack(0x16c30000,0x16c80000)]
  0x17151800 JavaThread "Thread-6" daemon [_thread_blocked, id=18244, stack(0x16610000,0x16660000)]
  0x16041000 JavaThread "Thread-4" daemon [_thread_in_native, id=17152, stack(0x15f60000,0x15fb0000)]
  0x1603a000 JavaThread "EventQueueMonitor-ComponentEvtDispatch" daemon [_thread_blocked, id=2600, stack(0x15ed0000,0x15f20000)]
  0x158bb800 JavaThread "AWT-Windows" daemon [_thread_in_native, id=12952, stack(0x15c80000,0x15cd0000)]
  0x158b7800 JavaThread "AWT-Shutdown" [_thread_blocked, id=6808, stack(0x15bf0000,0x15c40000)]
  0x158b4800 JavaThread "Java2D Disposer" daemon [_thread_blocked, id=18864, stack(0x15b60000,0x15bb0000)]
  0x15846c00 JavaThread "Thread-1" daemon [_thread_blocked, id=4220, stack(0x15950000,0x159a0000)]
  0x0052b800 JavaThread "Service Thread" daemon [_thread_blocked, id=10980, stack(0x15140000,0x15190000)]
  0x0050b800 JavaThread "C1 CompilerThread0" daemon [_thread_blocked, id=16568, stack(0x150b0000,0x15100000)]
  0x00506c00 JavaThread "Attach Listener" daemon [_thread_blocked, id=17460, stack(0x15020000,0x15070000)]
  0x00504c00 JavaThread "Signal Dispatcher" daemon [_thread_blocked, id=12296, stack(0x14550000,0x145a0000)]
  0x004f2000 JavaThread "Finalizer" daemon [_thread_blocked, id=18440, stack(0x143c0000,0x14410000)]
  0x00495400 JavaThread "Reference Handler" daemon [_thread_blocked, id=15460, stack(0x14330000,0x14380000)]

Other Threads:
  0x00491400 VMThread [stack: 0x142a0000,0x142f0000] [id=6944]
  0x157c8400 WatcherThread [stack: 0x158c0000,0x15910000] [id=13476]

VM state:not at safepoint (normal execution)

VM Mutex/Monitor currently owned by a thread: None

Heap:
 def new generation   total 9280K, used 3340K [0x04200000, 0x04c10000, 0x09750000)
  eden space 8256K,  28% used [0x04200000, 0x04443108, 0x04a10000)
  from space 1024K,  99% used [0x04a10000, 0x04b0fff8, 0x04b10000)
  to   space 1024K,   0% used [0x04b10000, 0x04b10000, 0x04c10000)
 tenured generation   total 20456K, used 18948K [0x09750000, 0x0ab4a000, 0x14200000)
   the space 20456K,  92% used [0x09750000, 0x0a9d1208, 0x0a9d1400, 0x0ab4a000)
 Metaspace       used 6106K, capacity 7217K, committed 7424K, reserved 7552K

Card table byte_map: [0x04140000,0x041d0000] byte_map_base: 0x0411f000

Polling page: 0x00730000

CodeCache: size=32768Kb used=2329Kb max_used=3386Kb free=30438Kb
 bounds [0x02140000, 0x02490000, 0x04140000]
 total_blobs=1501 nmethods=1265 adapters=166
 compilation: enabled

Compilation events (10 events):
Event: 3411.569 Thread 0x0050b800 6702             java.util.PropertyResourceBundle::handleGetObject (23 bytes)
Event: 3411.570 Thread 0x0050b800 nmethod 6702 0x0221a188 code [0x0221a2a0, 0x0221a3a8]
Event: 3412.330 Thread 0x0050b800 6703             java.lang.reflect.Field::set (52 bytes)
Event: 3412.330 Thread 0x0050b800 nmethod 6703 0x0222d5c8 code [0x0222d700, 0x0222d88c]
Event: 3414.129 Thread 0x0050b800 6704             com.sun.jna.Structure::writeValue (836 bytes)
Event: 3414.132 Thread 0x0050b800 nmethod 6704 0x0243c8c8 code [0x0243cfc0, 0x0243efe8]
Event: 3416.973 Thread 0x0050b800 6705             java.util.ComparableTimSort::binarySort (223 bytes)
Event: 3416.974 Thread 0x0050b800 nmethod 6705 0x023d6ac8 code [0x023d6c10, 0x023d7018]
Event: 3416.974 Thread 0x0050b800 6706             java.lang.String::compareTo (9 bytes)
Event: 3416.974 Thread 0x0050b800 nmethod 6706 0x02281848 code [0x02281950, 0x022819fc]

GC Heap History (10 events):
Event: 3373.371 GC heap before
{Heap before GC invocations=714 (full 29):
 def new generation   total 9280K, used 9253K [0x04200000, 0x04c10000, 0x09750000)
  eden space 8256K, 100% used [0x04200000, 0x04a10000, 0x04a10000)
  from space 1024K,  97% used [0x04b10000, 0x04c09680, 0x04c10000)
  to   space 1024K,   0% used [0x04a10000, 0x04a10000, 0x04b10000)
 tenured generation   total 20456K, used 13368K [0x09750000, 0x0ab4a000, 0x14200000)
   the space 20456K,  65% used [0x09750000, 0x0a45e3a0, 0x0a45e400, 0x0ab4a000)
 Metaspace       used 6080K, capacity 7212K, committed 7424K, reserved 7552K
Event: 3373.374 GC heap after
Heap after GC invocations=715 (full 29):
 def new generation   total 9280K, used 1024K [0x04200000, 0x04c10000, 0x09750000)
  eden space 8256K,   0% used [0x04200000, 0x04200000, 0x04a10000)
  from space 1024K, 100% used [0x04a10000, 0x04b10000, 0x04b10000)
  to   space 1024K,   0% used [0x04b10000, 0x04b10000, 0x04c10000)
 tenured generation   total 20456K, used 14019K [0x09750000, 0x0ab4a000, 0x14200000)
   the space 20456K,  68% used [0x09750000, 0x0a500e88, 0x0a501000, 0x0ab4a000)
 Metaspace       used 6080K, capacity 7212K, committed 7424K, reserved 7552K
}
Event: 3383.891 GC heap before
{Heap before GC invocations=715 (full 29):
 def new generation   total 9280K, used 9280K [0x04200000, 0x04c10000, 0x09750000)
  eden space 8256K, 100% used [0x04200000, 0x04a10000, 0x04a10000)
  from space 1024K, 100% used [0x04a10000, 0x04b10000, 0x04b10000)
  to   space 1024K,   0% used [0x04b10000, 0x04b10000, 0x04c10000)
 tenured generation   total 20456K, used 14019K [0x09750000, 0x0ab4a000, 0x14200000)
   the space 20456K,  68% used [0x09750000, 0x0a500e88, 0x0a501000, 0x0ab4a000)
 Metaspace       used 6080K, capacity 7212K, committed 7424K, reserved 7552K
Event: 3383.894 GC heap after
Heap after GC invocations=716 (full 29):
 def new generation   total 9280K, used 1023K [0x04200000, 0x04c10000, 0x09750000)
  eden space 8256K,   0% used [0x04200000, 0x04200000, 0x04a10000)
  from space 1024K,  99% used [0x04b10000, 0x04c0fff8, 0x04c10000)
  to   space 1024K,   0% used [0x04a10000, 0x04a10000, 0x04b10000)
 tenured generation   total 20456K, used 15289K [0x09750000, 0x0ab4a000, 0x14200000)
   the space 20456K,  74% used [0x09750000, 0x0a63e598, 0x0a63e600, 0x0ab4a000)
 Metaspace       used 6080K, capacity 7212K, committed 7424K, reserved 7552K
}
Event: 3394.450 GC heap before
{Heap before GC invocations=716 (full 29):
 def new generation   total 9280K, used 9279K [0x04200000, 0x04c10000, 0x09750000)
  eden space 8256K, 100% used [0x04200000, 0x04a10000, 0x04a10000)
  from space 1024K,  99% used [0x04b10000, 0x04c0fff8, 0x04c10000)
  to   space 1024K,   0% used [0x04a10000, 0x04a10000, 0x04b10000)
 tenured generation   total 20456K, used 15289K [0x09750000, 0x0ab4a000, 0x14200000)
   the space 20456K,  74% used [0x09750000, 0x0a63e598, 0x0a63e600, 0x0ab4a000)
 Metaspace       used 6080K, capacity 7212K, committed 7424K, reserved 7552K
Event: 3394.453 GC heap after
Heap after GC invocations=717 (full 29):
 def new generation   total 9280K, used 1023K [0x04200000, 0x04c10000, 0x09750000)
  eden space 8256K,   0% used [0x04200000, 0x04200000, 0x04a10000)
  from space 1024K,  99% used [0x04a10000, 0x04b0fff8, 0x04b10000)
  to   space 1024K,   0% used [0x04b10000, 0x04b10000, 0x04c10000)
 tenured generation   total 20456K, used 16561K [0x09750000, 0x0ab4a000, 0x14200000)
   the space 20456K,  80% used [0x09750000, 0x0a77c658, 0x0a77c800, 0x0ab4a000)
 Metaspace       used 6080K, capacity 7212K, committed 7424K, reserved 7552K
}
Event: 3404.569 GC heap before
{Heap before GC invocations=717 (full 29):
 def new generation   total 9280K, used 9279K [0x04200000, 0x04c10000, 0x09750000)
  eden space 8256K, 100% used [0x04200000, 0x04a10000, 0x04a10000)
  from space 1024K,  99% used [0x04a10000, 0x04b0fff8, 0x04b10000)
  to   space 1024K,   0% used [0x04b10000, 0x04b10000, 0x04c10000)
 tenured generation   total 20456K, used 16561K [0x09750000, 0x0ab4a000, 0x14200000)
   the space 20456K,  80% used [0x09750000, 0x0a77c658, 0x0a77c800, 0x0ab4a000)
 Metaspace       used 6080K, capacity 7212K, committed 7424K, reserved 7552K
Event: 3404.572 GC heap after
Heap after GC invocations=718 (full 29):
 def new generation   total 9280K, used 1023K [0x04200000, 0x04c10000, 0x09750000)
  eden space 8256K,   0% used [0x04200000, 0x04200000, 0x04a10000)
  from space 1024K,  99% used [0x04b10000, 0x04c0ffe8, 0x04c10000)
  to   space 1024K,   0% used [0x04a10000, 0x04a10000, 0x04b10000)
 tenured generation   total 20456K, used 17770K [0x09750000, 0x0ab4a000, 0x14200000)
   the space 20456K,  86% used [0x09750000, 0x0a8aa8a8, 0x0a8aaa00, 0x0ab4a000)
 Metaspace       used 6080K, capacity 7212K, committed 7424K, reserved 7552K
}
Event: 3414.729 GC heap before
{Heap before GC invocations=718 (full 29):
 def new generation   total 9280K, used 9279K [0x04200000, 0x04c10000, 0x09750000)
  eden space 8256K, 100% used [0x04200000, 0x04a10000, 0x04a10000)
  from space 1024K,  99% used [0x04b10000, 0x04c0ffe8, 0x04c10000)
  to   space 1024K,   0% used [0x04a10000, 0x04a10000, 0x04b10000)
 tenured generation   total 20456K, used 17770K [0x09750000, 0x0ab4a000, 0x14200000)
   the space 20456K,  86% used [0x09750000, 0x0a8aa8a8, 0x0a8aaa00, 0x0ab4a000)
 Metaspace       used 6080K, capacity 7212K, committed 7424K, reserved 7552K
Event: 3414.732 GC heap after
Heap after GC invocations=719 (full 29):
 def new generation   total 9280K, used 1023K [0x04200000, 0x04c10000, 0x09750000)
  eden space 8256K,   0% used [0x04200000, 0x04200000, 0x04a10000)
  from space 1024K,  99% used [0x04a10000, 0x04b0fff8, 0x04b10000)
  to   space 1024K,   0% used [0x04b10000, 0x04b10000, 0x04c10000)
 tenured generation   total 20456K, used 18948K [0x09750000, 0x0ab4a000, 0x14200000)
   the space 20456K,  92% used [0x09750000, 0x0a9d1208, 0x0a9d1400, 0x0ab4a000)
 Metaspace       used 6080K, capacity 7212K, committed 7424K, reserved 7552K
}

Deoptimization events (0 events):
No events

Classes redefined (0 events):
No events

Internal exceptions (10 events):
Event: 0.046 Thread 0x0046c800 Exception <a 'java/security/PrivilegedActionException'> (0x042e0818) thrown at [C:\jenkins\workspace\8-2-build-windows-i586-cygwin\jdk8u291\1294\hotspot\src\share\vm\prims\jvm.cpp, line 1523]
Event: 0.047 Thread 0x0046c800 Exception <a 'java/security/PrivilegedActionException'> (0x042fa7c8) thrown at [C:\jenkins\workspace\8-2-build-windows-i586-cygwin\jdk8u291\1294\hotspot\src\share\vm\prims\jvm.cpp, line 1523]
Event: 0.047 Thread 0x0046c800 Exception <a 'java/security/PrivilegedActionException'> (0x042fa9c8) thrown at [C:\jenkins\workspace\8-2-build-windows-i586-cygwin\jdk8u291\1294\hotspot\src\share\vm\prims\jvm.cpp, line 1523]
Event: 0.068 Thread 0x0046c800 Exception <a 'java/lang/NoSuchFieldError': method resolution failed> (0x043d85c0) thrown at [C:\jenkins\workspace\8-2-build-windows-i586-cygwin\jdk8u291\1294\hotspot\src\share\vm\prims\methodHandles.cpp, line 1169]
Event: 0.069 Thread 0x0046c800 Exception <a 'java/lang/NoSuchFieldError': method resolution failed> (0x043e4780) thrown at [C:\jenkins\workspace\8-2-build-windows-i586-cygwin\jdk8u291\1294\hotspot\src\share\vm\prims\methodHandles.cpp, line 1169]
Event: 0.083 Thread 0x0046c800 Exception <a 'java/io/FileNotFoundException'> (0x0447eb10) thrown at [C:\jenkins\workspace\8-2-build-windows-i586-cygwin\jdk8u291\1294\hotspot\src\share\vm\prims\jni.cpp, line 710]
Event: 0.123 Thread 0x0046c800 Exception <a 'java/io/FileNotFoundException'> (0x0463a7a8) thrown at [C:\jenkins\workspace\8-2-build-windows-i586-cygwin\jdk8u291\1294\hotspot\src\share\vm\prims\jni.cpp, line 710]
Event: 0.124 Thread 0x0046c800 Exception <a 'java/io/FileNotFoundException'> (0x0463c590) thrown at [C:\jenkins\workspace\8-2-build-windows-i586-cygwin\jdk8u291\1294\hotspot\src\share\vm\prims\jni.cpp, line 710]
Event: 0.863 Thread 0x1603a000 Exception <a 'java/lang/ClassCastException': java.awt.TrayIcon cannot be cast to java.awt.Component> (0x046130d0) thrown at [C:\jenkins\workspace\8-2-build-windows-i586-cygwin\jdk8u291\1294\hotspot\src\share\vm\interpreter\interpreterRuntime.cpp, line 386
Event: 1.225 Thread 0x0046c800 Exception <a 'java/lang/ClassNotFoundException': jdk/nashorn/internal/runtime/ScriptFunction> (0x04611a08) thrown at [C:\jenkins\workspace\8-2-build-windows-i586-cygwin\jdk8u291\1294\hotspot\src\share\vm\classfile\systemDictionary.cpp, line 212]

Events (10 events):
Event: 3417.100 Thread 0x16131000 Thread added: 0x16131000
Event: 3417.100 Thread 0x171b0800 Thread added: 0x171b0800
Event: 3417.100 Thread 0x16094c00 Thread added: 0x16094c00
Event: 3417.100 Thread 0x16095000 Thread added: 0x16095000
Event: 3417.100 Thread 0x16093c00 Thread added: 0x16093c00
Event: 3417.101 Thread 0x16094400 Thread added: 0x16094400
Event: 3417.189 loading class java/util/WeakHashMap$KeyIterator
Event: 3417.189 loading class java/util/WeakHashMap$KeyIterator done
Event: 3417.189 Thread 0x171b0800 Thread exited: 0x171b0800
Event: 3417.189 Thread 0x16095000 Thread exited: 0x16095000


Dynamic libraries:
0x00760000 - 0x0079f000 	C:\Program Files (x86)\Java\jre1.8.0_291\bin\javaw.exe
0x77660000 - 0x777fa000 	C:\WINDOWS\SYSTEM32\ntdll.dll
0x76260000 - 0x76340000 	C:\WINDOWS\System32\KERNEL32.DLL
0x74e50000 - 0x7504f000 	C:\WINDOWS\System32\KERNELBASE.dll
0x75df0000 - 0x75e69000 	C:\WINDOWS\System32\ADVAPI32.dll
0x76d40000 - 0x76dff000 	C:\WINDOWS\System32\msvcrt.dll
0x75f20000 - 0x75f96000 	C:\WINDOWS\System32\sechost.dll
0x76c80000 - 0x76d3b000 	C:\WINDOWS\System32\RPCRT4.dll
0x74e20000 - 0x74e45000 	C:\WINDOWS\System32\SspiCli.dll
0x74e10000 - 0x74e1a000 	C:\WINDOWS\System32\CRYPTBASE.dll
0x765a0000 - 0x76600000 	C:\WINDOWS\System32\bcryptPrimitives.dll
0x760c0000 - 0x76258000 	C:\WINDOWS\System32\USER32.dll
0x77470000 - 0x77487000 	C:\WINDOWS\System32\win32u.dll
0x75840000 - 0x75861000 	C:\WINDOWS\System32\GDI32.dll
0x770e0000 - 0x7723d000 	C:\WINDOWS\System32\gdi32full.dll
0x76c00000 - 0x76c7c000 	C:\WINDOWS\System32\msvcp_win.dll
0x75fa0000 - 0x760c0000 	C:\WINDOWS\System32\ucrtbase.dll
0x6c490000 - 0x6c69f000 	C:\WINDOWS\WinSxS\x86_microsoft.windows.common-controls_6595b64144ccf1df_6.0.18362.1440_none_e62af690f8dab76d\COMCTL32.dll
0x76e60000 - 0x770d7000 	C:\WINDOWS\System32\combase.dll
0x756a0000 - 0x756c5000 	C:\WINDOWS\System32\IMM32.DLL
0x563c0000 - 0x563d3000 	C:\Program Files (x86)\Java\jre1.8.0_291\bin\vcruntime140.dll
0x55240000 - 0x552af000 	C:\Program Files (x86)\Java\jre1.8.0_291\bin\msvcp140.dll
0x54e60000 - 0x5523e000 	C:\Program Files (x86)\Java\jre1.8.0_291\bin\client\jvm.dll
0x763e0000 - 0x763e6000 	C:\WINDOWS\System32\PSAPI.DLL
0x749b0000 - 0x749b8000 	C:\WINDOWS\SYSTEM32\WSOCK32.dll
0x73a00000 - 0x73a24000 	C:\WINDOWS\SYSTEM32\WINMM.dll
0x74980000 - 0x74988000 	C:\WINDOWS\SYSTEM32\VERSION.dll
0x75080000 - 0x750de000 	C:\WINDOWS\System32\WS2_32.dll
0x739d0000 - 0x739f3000 	C:\WINDOWS\SYSTEM32\WINMMBASE.dll
0x76ac0000 - 0x76afb000 	C:\WINDOWS\System32\cfgmgr32.dll
0x76630000 - 0x7663f000 	C:\WINDOWS\System32\kernel.appcore.dll
0x581b0000 - 0x581bd000 	C:\Program Files (x86)\Java\jre1.8.0_291\bin\verify.dll
0x54e30000 - 0x54e54000 	C:\Program Files (x86)\Java\jre1.8.0_291\bin\java.dll
0x54e10000 - 0x54e24000 	C:\Program Files (x86)\Java\jre1.8.0_291\bin\zip.dll
0x75870000 - 0x75deb000 	C:\WINDOWS\System32\SHELL32.dll
0x77490000 - 0x77513000 	C:\WINDOWS\System32\shcore.dll
0x750e0000 - 0x7569f000 	C:\WINDOWS\System32\windows.storage.dll
0x75060000 - 0x75077000 	C:\WINDOWS\System32\profapi.dll
0x76440000 - 0x76483000 	C:\WINDOWS\System32\powrprof.dll
0x76a90000 - 0x76a9d000 	C:\WINDOWS\System32\UMPDC.dll
0x773c0000 - 0x77404000 	C:\WINDOWS\System32\shlwapi.dll
0x76600000 - 0x76613000 	C:\WINDOWS\System32\cryptsp.dll
0x54cc0000 - 0x54e0b000 	C:\Program Files (x86)\Java\jre1.8.0_291\bin\awt.dll
0x76340000 - 0x763d2000 	C:\WINDOWS\System32\OLEAUT32.dll
0x74150000 - 0x741ef000 	C:\WINDOWS\SYSTEM32\apphelp.dll
0x6aad0000 - 0x6aaf5000 	C:\WINDOWS\system32\DWMAPI.DLL
0x746d0000 - 0x7474a000 	C:\WINDOWS\system32\uxtheme.dll
0x62e10000 - 0x62f0f000 	C:\WINDOWS\system32\opengl32.dll
0x62d30000 - 0x62d6f000 	C:\WINDOWS\SYSTEM32\GLU32.dll
0x6a920000 - 0x6a939000 	C:\WINDOWS\SYSTEM32\dxcore.dll
0x77240000 - 0x77343000 	C:\WINDOWS\System32\MSCTF.dll
0x76b00000 - 0x76bf7000 	C:\WINDOWS\System32\ole32.dll
0x54c90000 - 0x54cb3000 	C:\Program Files (x86)\Java\jre1.8.0_291\bin\JavaAccessBridge-32.dll
0x54c80000 - 0x54c86000 	C:\Program Files (x86)\Java\jre1.8.0_291\bin\jawt.dll
0x54c70000 - 0x54c76000 	C:\Program Files (x86)\Java\jre1.8.0_291\bin\JAWTAccessBridge-32.dll
0x54c50000 - 0x54c67000 	C:\Program Files (x86)\Java\jre1.8.0_291\bin\net.dll
0x73970000 - 0x739c2000 	C:\WINDOWS\system32\mswsock.dll
0x54c40000 - 0x54c4f000 	C:\Program Files (x86)\Java\jre1.8.0_291\bin\nio.dll
0x74d60000 - 0x74d8f000 	C:\WINDOWS\system32\rsaenh.dll
0x76aa0000 - 0x76ab9000 	C:\WINDOWS\System32\bcrypt.dll
0x74250000 - 0x7426e000 	C:\WINDOWS\SYSTEM32\USERENV.dll
0x74210000 - 0x74242000 	C:\WINDOWS\SYSTEM32\IPHLPAPI.DLL
0x77350000 - 0x77357000 	C:\WINDOWS\System32\NSI.dll
0x74270000 - 0x74283000 	C:\WINDOWS\SYSTEM32\dhcpcsvc6.DLL
0x6bea0000 - 0x6beb5000 	C:\WINDOWS\SYSTEM32\dhcpcsvc.DLL
0x6bec0000 - 0x6bf53000 	C:\WINDOWS\SYSTEM32\DNSAPI.dll
0x16660000 - 0x166b3000 	C:\Users\Lyndsey\AppData\Local\Temp\jna4383019034917762494.tmp
0x54c00000 - 0x54c3d000 	C:\Program Files (x86)\Java\jre1.8.0_291\bin\fontmanager.dll
0x5ccd0000 - 0x5cd64000 	C:\WINDOWS\SYSTEM32\mscms.dll
0x5f530000 - 0x5f541000 	C:\WINDOWS\SYSTEM32\ColorAdapterClient.dll
0x54bc0000 - 0x54bfe000 	C:\WINDOWS\SYSTEM32\icm32.dll
0x73a60000 - 0x73bef000 	C:\WINDOWS\SYSTEM32\dbghelp.dll

VM Arguments:
java_command: Shimeji-ee.jar
java_class_path (initial): Shimeji-ee.jar
Launcher Type: SUN_STANDARD

Environment Variables:
PATH=C:\Program Files (x86)\Common Files\Oracle\Java\javapath;C:\Program Files\Common Files\Oracle\Java\javapath;C:\Program Files (x86)\Razer Chroma SDK\bin;C:\Program Files\Razer Chroma SDK\bin;C:\WINDOWS\system32;C:\WINDOWS;C:\WINDOWS\System32\Wbem;C:\WINDOWS\System32\WindowsPowerShell\v1.0\;C:\WINDOWS\System32\OpenSSH\;C:\Users\Lyndsey\AppData\Local\Microsoft\WindowsApps;C:\WINDOWS\system32;C:\WINDOWS;C:\WINDOWS\System32\Wbem;C:\WINDOWS\System32\WindowsPowerShell\v1.0\;C:\WINDOWS\System32\OpenSSH\;C:\Program Files\NVIDIA Corporation\NVIDIA NvDLISR;C:\Program Files (x86)\NVIDIA Corporation\PhysX\Common;C:\Program Files (x86)\QuickTime\QTSystem\;C:\Users\Lyndsey\AppData\Local\Programs\Python\Python39\Scripts\;C:\Users\Lyndsey\AppData\Local\Programs\Python\Python39\;C:\Users\Lyndsey\AppData\Local\Microsoft\WindowsApps;C:\Users\Lyndsey\AppData\Local\GitHubDesktop\bin;C:\Users\Lyndsey\AppData\Local\Programs\Microsoft VS Code\bin;C:\Program Files (x86)\FAHClient
USERNAME=Lyndsey
OS=Windows_NT
PROCESSOR_IDENTIFIER=Intel64 Family 6 Model 158 Stepping 9, GenuineIntel



---------------  S Y S T E M  ---------------

OS: Windows 10.0 , 64 bit Build 18362 (10.0.18362.1350)

CPU:total 4 (initial active 4) (4 cores per cpu, 1 threads per core) family 6 model 158 stepping 9, cmov, cx8, fxsr, mmx, sse, sse2, sse3, ssse3, sse4.1, sse4.2, popcnt, avx, avx2, aes, clmul, erms, rtm, 3dnowpref, lzcnt, tsc, tscinvbit, bmi1, bmi2, adx

Memory: 4k page, physical 16700580k(7722892k free), swap 27710628k(9863472k free)

vm_info: Java HotSpot(TM) Client VM (25.291-b10) for windows-x86 JRE (1.8.0_291-b10), built on Apr  9 2021 04:22:09 by "java_re" with MS VC++ 15.9 (VS2017)

time: Sun May  9 00:03:02 2021
timezone: Eastern Daylight Time
elapsed time: 3417.254362 seconds (0d 0h 56m 57s)

